<?xml version="1.0" encoding="UTF-8"?>
<!-- Generated by org.testng.reporters.JUnitReportReporter -->
<testsuite hostname="EGDM1-MKhairy" failures="0" tests="1" name="task.Register" time="33.427" errors="0" timestamp="26 Sep 2018 14:39:43 GMT" skipped="0">
  <testcase classname="task.Register" name="FailedRegistration" time="33.427"/>
</testsuite> <!-- task.Register -->
